*********************************************************************
* LD Score Regression (LDSC)
* Version 3.0.1
* (C) 2014-2019 Brendan Bulik-Sullivan and Hilary Finucane
* Broad Institute of MIT and Harvard / MIT Department of Mathematics
* GNU General Public License v3
*********************************************************************
Call: 
./ldsc.py \
--out 13 \
--bfile AFR.13 \
--l2  \
--ld-wind-cm 1.0 

Beginning analysis at Fri Mar 20 20:08:56 2026
Read list of 46074 SNPs from AFR.13.bim
Read list of 300 individuals from AFR.13.fam
Reading genotypes from AFR.13.bed
Estimating LD Score.
Writing LD Scores for 45683 SNPs to 13.l2.ldscore.gz

Summary of LD Scores in 13.l2.ldscore.gz
        MAF      L2
mean 0.2238 10.6488
std  0.1446  7.4506
min  0.0017 -0.0475
25%  0.0983  5.6713
50%  0.2117  8.8031
75%  0.3433 13.3710
max  0.5000 64.8977

MAF/LD Score Correlation Matrix
       MAF     L2
MAF 1.0000 0.2385
L2  0.2385 1.0000
Analysis finished at Fri Mar 20 20:09:13 2026
Total time elapsed: 17.7s
