*********************************************************************
* LD Score Regression (LDSC)
* Version 3.0.1
* (C) 2014-2019 Brendan Bulik-Sullivan and Hilary Finucane
* Broad Institute of MIT and Harvard / MIT Department of Mathematics
* GNU General Public License v3
*********************************************************************
Call: 
./ldsc.py \
--out 14 \
--bfile AFR.14 \
--l2  \
--ld-wind-cm 1.0 

Beginning analysis at Fri Mar 20 20:08:19 2026
Read list of 39940 SNPs from AFR.14.bim
Read list of 300 individuals from AFR.14.fam
Reading genotypes from AFR.14.bed
Estimating LD Score.
Writing LD Scores for 39512 SNPs to 14.l2.ldscore.gz

Summary of LD Scores in 14.l2.ldscore.gz
        MAF       L2
mean 0.2253  11.8096
std  0.1451  16.9709
min  0.0017   0.0496
25%  0.1000   5.3955
50%  0.2150   8.6594
75%  0.3467  13.6050
max  0.5000 221.1874

MAF/LD Score Correlation Matrix
       MAF     L2
MAF 1.0000 0.1316
L2  0.1316 1.0000
Analysis finished at Fri Mar 20 20:08:34 2026
Total time elapsed: 15.54s
