*********************************************************************
* LD Score Regression (LDSC)
* Version 3.0.1
* (C) 2014-2019 Brendan Bulik-Sullivan and Hilary Finucane
* Broad Institute of MIT and Harvard / MIT Department of Mathematics
* GNU General Public License v3
*********************************************************************
Call: 
./ldsc.py \
--out 16 \
--bfile AFR.16 \
--l2  \
--ld-wind-cm 1.0 

Beginning analysis at Fri Mar 20 20:05:18 2026
Read list of 36907 SNPs from AFR.16.bim
Read list of 300 individuals from AFR.16.fam
Reading genotypes from AFR.16.bed
Estimating LD Score.
Writing LD Scores for 36568 SNPs to 16.l2.ldscore.gz

Summary of LD Scores in 16.l2.ldscore.gz
        MAF      L2
mean 0.2293  9.8586
std  0.1458  8.6508
min  0.0017  0.1777
25%  0.1017  4.8682
50%  0.2217  7.5529
75%  0.3500 11.6905
max  0.5000 92.9455

MAF/LD Score Correlation Matrix
       MAF     L2
MAF 1.0000 0.1763
L2  0.1763 1.0000
Analysis finished at Fri Mar 20 20:05:36 2026
Total time elapsed: 18.56s
