*********************************************************************
* LD Score Regression (LDSC)
* Version 3.0.1
* (C) 2014-2019 Brendan Bulik-Sullivan and Hilary Finucane
* Broad Institute of MIT and Harvard / MIT Department of Mathematics
* GNU General Public License v3
*********************************************************************
Call: 
./ldsc.py \
--out 17 \
--bfile AFR.17 \
--l2  \
--ld-wind-cm 1.0 

Beginning analysis at Fri Mar 20 20:09:55 2026
Read list of 32559 SNPs from AFR.17.bim
Read list of 300 individuals from AFR.17.fam
Reading genotypes from AFR.17.bed
Estimating LD Score.
Writing LD Scores for 32227 SNPs to 17.l2.ldscore.gz

Summary of LD Scores in 17.l2.ldscore.gz
        MAF      L2
mean 0.2284 10.2797
std  0.1460  9.4231
min  0.0017 -0.1101
25%  0.1017  4.4407
50%  0.2183  7.2312
75%  0.3517 12.4452
max  0.5000 70.3793

MAF/LD Score Correlation Matrix
       MAF     L2
MAF 1.0000 0.1386
L2  0.1386 1.0000
Analysis finished at Fri Mar 20 20:10:06 2026
Total time elapsed: 10.37s
