*********************************************************************
* LD Score Regression (LDSC)
* Version 3.0.1
* (C) 2014-2019 Brendan Bulik-Sullivan and Hilary Finucane
* Broad Institute of MIT and Harvard / MIT Department of Mathematics
* GNU General Public License v3
*********************************************************************
Call: 
./ldsc.py \
--out 20 \
--bfile AFR.20 \
--l2  \
--ld-wind-cm 1.0 

Beginning analysis at Fri Mar 20 20:11:28 2026
Read list of 31507 SNPs from AFR.20.bim
Read list of 300 individuals from AFR.20.fam
Reading genotypes from AFR.20.bed
Estimating LD Score.
Writing LD Scores for 31208 SNPs to 20.l2.ldscore.gz

Summary of LD Scores in 20.l2.ldscore.gz
        MAF      L2
mean 0.2268  9.8423
std  0.1452  8.0825
min  0.0017  0.1563
25%  0.1017  4.8621
50%  0.2150  7.6539
75%  0.3471 11.9340
max  0.5000 67.8929

MAF/LD Score Correlation Matrix
       MAF     L2
MAF 1.0000 0.2118
L2  0.2118 1.0000
Analysis finished at Fri Mar 20 20:11:43 2026
Total time elapsed: 15.36s
