*********************************************************************
* LD Score Regression (LDSC)
* Version 3.0.1
* (C) 2014-2019 Brendan Bulik-Sullivan and Hilary Finucane
* Broad Institute of MIT and Harvard / MIT Department of Mathematics
* GNU General Public License v3
*********************************************************************
Call: 
./ldsc.py \
--out 21 \
--bfile AFR.21 \
--l2  \
--ld-wind-cm 1.0 

Beginning analysis at Fri Mar 20 20:09:40 2026
Read list of 17197 SNPs from AFR.21.bim
Read list of 300 individuals from AFR.21.fam
Reading genotypes from AFR.21.bed
Estimating LD Score.
Writing LD Scores for 17081 SNPs to 21.l2.ldscore.gz

Summary of LD Scores in 21.l2.ldscore.gz
        MAF      L2
mean 0.2289  8.5597
std  0.1447  5.9977
min  0.0017  0.5330
25%  0.1033  4.6871
50%  0.2200  7.0949
75%  0.3500 10.3996
max  0.5000 49.9445

MAF/LD Score Correlation Matrix
       MAF     L2
MAF 1.0000 0.2192
L2  0.2192 1.0000
Analysis finished at Fri Mar 20 20:09:52 2026
Total time elapsed: 12.32s
