*********************************************************************
* LD Score Regression (LDSC)
* Version 3.0.1
* (C) 2014-2019 Brendan Bulik-Sullivan and Hilary Finucane
* Broad Institute of MIT and Harvard / MIT Department of Mathematics
* GNU General Public License v3
*********************************************************************
Call: 
./ldsc.py \
--out 22 \
--bfile AFR.22 \
--l2  \
--ld-wind-cm 1.0 

Beginning analysis at Fri Mar 20 20:10:09 2026
Read list of 17717 SNPs from AFR.22.bim
Read list of 300 individuals from AFR.22.fam
Reading genotypes from AFR.22.bed
Estimating LD Score.
Writing LD Scores for 17570 SNPs to 22.l2.ldscore.gz

Summary of LD Scores in 22.l2.ldscore.gz
        MAF      L2
mean 0.2167  9.9217
std  0.1477  8.3980
min  0.0017 -0.0313
25%  0.0867  4.3761
50%  0.2017  7.2092
75%  0.3417 12.5381
max  0.5000 66.3763

MAF/LD Score Correlation Matrix
       MAF     L2
MAF 1.0000 0.1299
L2  0.1299 1.0000
Analysis finished at Fri Mar 20 20:10:23 2026
Total time elapsed: 13.94s
