*********************************************************************
* LD Score Regression (LDSC)
* Version 3.0.1
* (C) 2014-2019 Brendan Bulik-Sullivan and Hilary Finucane
* Broad Institute of MIT and Harvard / MIT Department of Mathematics
* GNU General Public License v3
*********************************************************************
Call: 
./ldsc.py \
--out 6 \
--bfile AFR.6 \
--l2  \
--ld-wind-cm 1.0 

Beginning analysis at Fri Mar 20 20:07:22 2026
Read list of 76418 SNPs from AFR.6.bim
Read list of 300 individuals from AFR.6.fam
Reading genotypes from AFR.6.bed
Estimating LD Score.
Writing LD Scores for 75744 SNPs to 6.l2.ldscore.gz

Summary of LD Scores in 6.l2.ldscore.gz
        MAF      L2
mean 0.2214 12.4880
std  0.1457  9.6807
min  0.0017 -0.3564
25%  0.0950  6.3155
50%  0.2083  9.9478
75%  0.3417 15.6170
max  0.5000 91.7728

MAF/LD Score Correlation Matrix
       MAF     L2
MAF 1.0000 0.1957
L2  0.1957 1.0000
Analysis finished at Fri Mar 20 20:07:41 2026
Total time elapsed: 19.31s
