*********************************************************************
* LD Score Regression (LDSC)
* Version 3.0.1
* (C) 2014-2019 Brendan Bulik-Sullivan and Hilary Finucane
* Broad Institute of MIT and Harvard / MIT Department of Mathematics
* GNU General Public License v3
*********************************************************************
Call: 
./ldsc.py \
--out 9 \
--bfile AFR.9 \
--l2  \
--ld-wind-cm 1.0 

Beginning analysis at Fri Mar 20 20:04:33 2026
Read list of 56001 SNPs from AFR.9.bim
Read list of 300 individuals from AFR.9.fam
Reading genotypes from AFR.9.bed
Estimating LD Score.
Writing LD Scores for 55414 SNPs to 9.l2.ldscore.gz

Summary of LD Scores in 9.l2.ldscore.gz
        MAF      L2
mean 0.2270 11.0635
std  0.1468  8.1085
min  0.0017 -0.4589
25%  0.0983  5.7351
50%  0.2183  8.9754
75%  0.3483 13.8887
max  0.5000 84.2132

MAF/LD Score Correlation Matrix
       MAF     L2
MAF 1.0000 0.1880
L2  0.1880 1.0000
Analysis finished at Fri Mar 20 20:05:00 2026
Total time elapsed: 26.96s
