*********************************************************************
* LD Score Regression (LDSC)
* Version 3.0.1
* (C) 2014-2019 Brendan Bulik-Sullivan and Hilary Finucane
* Broad Institute of MIT and Harvard / MIT Department of Mathematics
* GNU General Public License v3
*********************************************************************
Call: 
./ldsc.py \
--out 12 \
--bfile AMR.12 \
--l2  \
--ld-wind-cm 1.0 

Beginning analysis at Fri Mar 20 19:30:59 2026
Read list of 59381 SNPs from AMR.12.bim
Read list of 300 individuals from AMR.12.fam
Reading genotypes from AMR.12.bed
Estimating LD Score.
Writing LD Scores for 59342 SNPs to 12.l2.ldscore.gz

Summary of LD Scores in 12.l2.ldscore.gz
        MAF       L2
mean 0.2313  24.0747
std  0.1416  17.5256
min  0.0017  -0.7119
25%  0.1067  11.8751
50%  0.2217  19.7124
75%  0.3500  31.3790
max  0.5000 142.6623

MAF/LD Score Correlation Matrix
       MAF     L2
MAF 1.0000 0.3295
L2  0.3295 1.0000
Analysis finished at Fri Mar 20 19:31:46 2026
Total time elapsed: 47.05s
