*********************************************************************
* LD Score Regression (LDSC)
* Version 3.0.1
* (C) 2014-2019 Brendan Bulik-Sullivan and Hilary Finucane
* Broad Institute of MIT and Harvard / MIT Department of Mathematics
* GNU General Public License v3
*********************************************************************
Call: 
./ldsc.py \
--out 13 \
--bfile AMR.13 \
--l2  \
--ld-wind-cm 1.0 

Beginning analysis at Fri Mar 20 19:39:08 2026
Read list of 46074 SNPs from AMR.13.bim
Read list of 300 individuals from AMR.13.fam
Reading genotypes from AMR.13.bed
Estimating LD Score.
Writing LD Scores for 46063 SNPs to 13.l2.ldscore.gz

Summary of LD Scores in 13.l2.ldscore.gz
        MAF       L2
mean 0.2356  22.2552
std  0.1415  15.0011
min  0.0017   0.0998
25%  0.1117  11.5321
50%  0.2267  18.5113
75%  0.3550  29.1594
max  0.5000 125.4060

MAF/LD Score Correlation Matrix
       MAF     L2
MAF 1.0000 0.3871
L2  0.3871 1.0000
Analysis finished at Fri Mar 20 19:39:35 2026
Total time elapsed: 26.44s
