*********************************************************************
* LD Score Regression (LDSC)
* Version 3.0.1
* (C) 2014-2019 Brendan Bulik-Sullivan and Hilary Finucane
* Broad Institute of MIT and Harvard / MIT Department of Mathematics
* GNU General Public License v3
*********************************************************************
Call: 
./ldsc.py \
--out 14 \
--bfile AMR.14 \
--l2  \
--ld-wind-cm 1.0 

Beginning analysis at Fri Mar 20 19:36:42 2026
Read list of 39940 SNPs from AMR.14.bim
Read list of 300 individuals from AMR.14.fam
Reading genotypes from AMR.14.bed
Estimating LD Score.
Writing LD Scores for 39913 SNPs to 14.l2.ldscore.gz

Summary of LD Scores in 14.l2.ldscore.gz
        MAF       L2
mean 0.2350  25.5111
std  0.1422  26.6542
min  0.0017  -0.3499
25%  0.1100  11.6955
50%  0.2233  19.5681
75%  0.3567  31.5364
max  0.5000 271.7310

MAF/LD Score Correlation Matrix
       MAF     L2
MAF 1.0000 0.2796
L2  0.2796 1.0000
Analysis finished at Fri Mar 20 19:37:09 2026
Total time elapsed: 26.23s
