*********************************************************************
* LD Score Regression (LDSC)
* Version 3.0.1
* (C) 2014-2019 Brendan Bulik-Sullivan and Hilary Finucane
* Broad Institute of MIT and Harvard / MIT Department of Mathematics
* GNU General Public License v3
*********************************************************************
Call: 
./ldsc.py \
--out 15 \
--bfile AMR.15 \
--l2  \
--ld-wind-cm 1.0 

Beginning analysis at Fri Mar 20 19:38:17 2026
Read list of 36228 SNPs from AMR.15.bim
Read list of 300 individuals from AMR.15.fam
Reading genotypes from AMR.15.bed
Estimating LD Score.
Writing LD Scores for 36213 SNPs to 15.l2.ldscore.gz

Summary of LD Scores in 15.l2.ldscore.gz
        MAF       L2
mean 0.2435  23.5316
std  0.1423  18.7521
min  0.0017   0.0862
25%  0.1200  10.7093
50%  0.2367  18.0088
75%  0.3667  30.0739
max  0.5000 131.7752

MAF/LD Score Correlation Matrix
       MAF     L2
MAF 1.0000 0.3251
L2  0.3251 1.0000
Analysis finished at Fri Mar 20 19:38:41 2026
Total time elapsed: 23.79s
