*********************************************************************
* LD Score Regression (LDSC)
* Version 3.0.1
* (C) 2014-2019 Brendan Bulik-Sullivan and Hilary Finucane
* Broad Institute of MIT and Harvard / MIT Department of Mathematics
* GNU General Public License v3
*********************************************************************
Call: 
./ldsc.py \
--out 18 \
--bfile AMR.18 \
--l2  \
--ld-wind-cm 1.0 

Beginning analysis at Fri Mar 20 19:37:58 2026
Read list of 35857 SNPs from AMR.18.bim
Read list of 300 individuals from AMR.18.fam
Reading genotypes from AMR.18.bed
Estimating LD Score.
Writing LD Scores for 35848 SNPs to 18.l2.ldscore.gz

Summary of LD Scores in 18.l2.ldscore.gz
        MAF       L2
mean 0.2414  20.4354
std  0.1405  15.2072
min  0.0017   0.1542
25%  0.1183  10.1743
50%  0.2333  16.6863
75%  0.3600  26.2762
max  0.5000 144.9243

MAF/LD Score Correlation Matrix
       MAF     L2
MAF 1.0000 0.3170
L2  0.3170 1.0000
Analysis finished at Fri Mar 20 19:38:15 2026
Total time elapsed: 16.78s
