*********************************************************************
* LD Score Regression (LDSC)
* Version 3.0.1
* (C) 2014-2019 Brendan Bulik-Sullivan and Hilary Finucane
* Broad Institute of MIT and Harvard / MIT Department of Mathematics
* GNU General Public License v3
*********************************************************************
Call: 
./ldsc.py \
--out 2 \
--bfile AMR.2 \
--l2  \
--ld-wind-cm 1.0 

Beginning analysis at Fri Mar 20 19:37:30 2026
Read list of 101005 SNPs from AMR.2.bim
Read list of 300 individuals from AMR.2.fam
Reading genotypes from AMR.2.bed
Estimating LD Score.
Writing LD Scores for 100964 SNPs to 2.l2.ldscore.gz

Summary of LD Scores in 2.l2.ldscore.gz
        MAF       L2
mean 0.2398  26.3386
std  0.1424  18.6844
min  0.0017  -0.3345
25%  0.1133  13.3184
50%  0.2317  21.5734
75%  0.3633  34.0624
max  0.5000 149.2035

MAF/LD Score Correlation Matrix
       MAF     L2
MAF 1.0000 0.3740
L2  0.3740 1.0000
Analysis finished at Fri Mar 20 19:37:56 2026
Total time elapsed: 26.0s
