*********************************************************************
* LD Score Regression (LDSC)
* Version 3.0.1
* (C) 2014-2019 Brendan Bulik-Sullivan and Hilary Finucane
* Broad Institute of MIT and Harvard / MIT Department of Mathematics
* GNU General Public License v3
*********************************************************************
Call: 
./ldsc.py \
--out 21 \
--bfile AMR.21 \
--l2  \
--ld-wind-cm 1.0 

Beginning analysis at Fri Mar 20 19:35:06 2026
Read list of 17197 SNPs from AMR.21.bim
Read list of 300 individuals from AMR.21.fam
Reading genotypes from AMR.21.bed
Estimating LD Score.
Writing LD Scores for 17191 SNPs to 21.l2.ldscore.gz

Summary of LD Scores in 21.l2.ldscore.gz
        MAF      L2
mean 0.2399 18.2011
std  0.1397 12.3265
min  0.0017  0.2266
25%  0.1200  9.8432
50%  0.2283 15.2197
75%  0.3600 22.8382
max  0.5000 89.0043

MAF/LD Score Correlation Matrix
       MAF     L2
MAF 1.0000 0.3646
L2  0.3646 1.0000
Analysis finished at Fri Mar 20 19:35:18 2026
Total time elapsed: 12.34s
