*********************************************************************
* LD Score Regression (LDSC)
* Version 3.0.1
* (C) 2014-2019 Brendan Bulik-Sullivan and Hilary Finucane
* Broad Institute of MIT and Harvard / MIT Department of Mathematics
* GNU General Public License v3
*********************************************************************
Call: 
./ldsc.py \
--out 22 \
--bfile AMR.22 \
--l2  \
--ld-wind-cm 1.0 

Beginning analysis at Fri Mar 20 19:38:44 2026
Read list of 17717 SNPs from AMR.22.bim
Read list of 300 individuals from AMR.22.fam
Reading genotypes from AMR.22.bed
Estimating LD Score.
Writing LD Scores for 17701 SNPs to 22.l2.ldscore.gz

Summary of LD Scores in 22.l2.ldscore.gz
        MAF       L2
mean 0.2347  20.9945
std  0.1448  18.9820
min  0.0017   0.3423
25%  0.1050   9.3598
50%  0.2233  15.5446
75%  0.3600  26.1543
max  0.5000 172.2807

MAF/LD Score Correlation Matrix
       MAF     L2
MAF 1.0000 0.3138
L2  0.3138 1.0000
Analysis finished at Fri Mar 20 19:38:53 2026
Total time elapsed: 8.95s
