*********************************************************************
* LD Score Regression (LDSC)
* Version 3.0.1
* (C) 2014-2019 Brendan Bulik-Sullivan and Hilary Finucane
* Broad Institute of MIT and Harvard / MIT Department of Mathematics
* GNU General Public License v3
*********************************************************************
Call: 
./ldsc.py \
--out 6 \
--bfile AMR.6 \
--l2  \
--ld-wind-cm 1.0 

Beginning analysis at Fri Mar 20 19:34:20 2026
Read list of 76418 SNPs from AMR.6.bim
Read list of 300 individuals from AMR.6.fam
Reading genotypes from AMR.6.bed
Estimating LD Score.
Writing LD Scores for 76381 SNPs to 6.l2.ldscore.gz

Summary of LD Scores in 6.l2.ldscore.gz
        MAF       L2
mean 0.2356  26.1347
std  0.1425  19.9259
min  0.0017  -1.0914
25%  0.1117  12.6927
50%  0.2250  20.6930
75%  0.3567  33.3845
max  0.5000 148.9188

MAF/LD Score Correlation Matrix
       MAF     L2
MAF 1.0000 0.3741
L2  0.3741 1.0000
Analysis finished at Fri Mar 20 19:34:44 2026
Total time elapsed: 24.28s
