*********************************************************************
* LD Score Regression (LDSC)
* Version 3.0.1
* (C) 2014-2019 Brendan Bulik-Sullivan and Hilary Finucane
* Broad Institute of MIT and Harvard / MIT Department of Mathematics
* GNU General Public License v3
*********************************************************************
Call: 
./ldsc.py \
--out 1 \
--bfile ALL.1 \
--l2  \
--ld-wind-cm 1.0 

Beginning analysis at Fri Mar 20 20:13:29 2026
Read list of 99818 SNPs from ALL.1.bim
Read list of 300 individuals from ALL.1.fam
Reading genotypes from ALL.1.bed
Estimating LD Score.
Writing LD Scores for 99805 SNPs to 1.l2.ldscore.gz

Summary of LD Scores in 1.l2.ldscore.gz
        MAF       L2
mean 0.2457  23.4140
std  0.1358  18.3461
min  0.0017  -0.9446
25%  0.1300  11.5989
50%  0.2350  18.9290
75%  0.3600  29.6960
max  0.5000 211.1746

MAF/LD Score Correlation Matrix
       MAF     L2
MAF 1.0000 0.3146
L2  0.3146 1.0000
Analysis finished at Fri Mar 20 20:13:48 2026
Total time elapsed: 19.04s
