*********************************************************************
* LD Score Regression (LDSC)
* Version 3.0.1
* (C) 2014-2019 Brendan Bulik-Sullivan and Hilary Finucane
* Broad Institute of MIT and Harvard / MIT Department of Mathematics
* GNU General Public License v3
*********************************************************************
Call: 
./ldsc.py \
--out 10 \
--bfile ALL.10 \
--l2  \
--ld-wind-cm 1.0 

Beginning analysis at Fri Mar 20 20:14:10 2026
Read list of 64849 SNPs from ALL.10.bim
Read list of 300 individuals from ALL.10.fam
Reading genotypes from ALL.10.bed
Estimating LD Score.
Writing LD Scores for 64845 SNPs to 10.l2.ldscore.gz

Summary of LD Scores in 10.l2.ldscore.gz
        MAF       L2
mean 0.2443  23.0318
std  0.1363  17.4568
min  0.0017   0.2123
25%  0.1283  11.1358
50%  0.2317  18.3271
75%  0.3583  29.6972
max  0.5000 154.8330

MAF/LD Score Correlation Matrix
       MAF     L2
MAF 1.0000 0.3048
L2  0.3048 1.0000
Analysis finished at Fri Mar 20 20:14:25 2026
Total time elapsed: 14.9s
