*********************************************************************
* LD Score Regression (LDSC)
* Version 3.0.1
* (C) 2014-2019 Brendan Bulik-Sullivan and Hilary Finucane
* Broad Institute of MIT and Harvard / MIT Department of Mathematics
* GNU General Public License v3
*********************************************************************
Call: 
./ldsc.py \
--out 11 \
--bfile ALL.11 \
--l2  \
--ld-wind-cm 1.0 

Beginning analysis at Fri Mar 20 20:12:28 2026
Read list of 61685 SNPs from ALL.11.bim
Read list of 300 individuals from ALL.11.fam
Reading genotypes from ALL.11.bed
Estimating LD Score.
Writing LD Scores for 61676 SNPs to 11.l2.ldscore.gz

Summary of LD Scores in 11.l2.ldscore.gz
        MAF       L2
mean 0.2491  26.0162
std  0.1350  25.2917
min  0.0017  -1.6523
25%  0.1350  12.0073
50%  0.2417  19.5896
75%  0.3617  30.9824
max  0.5000 253.6478

MAF/LD Score Correlation Matrix
       MAF     L2
MAF 1.0000 0.1953
L2  0.1953 1.0000
Analysis finished at Fri Mar 20 20:12:46 2026
Total time elapsed: 18.55s
