*********************************************************************
* LD Score Regression (LDSC)
* Version 3.0.1
* (C) 2014-2019 Brendan Bulik-Sullivan and Hilary Finucane
* Broad Institute of MIT and Harvard / MIT Department of Mathematics
* GNU General Public License v3
*********************************************************************
Call: 
./ldsc.py \
--out 12 \
--bfile ALL.12 \
--l2  \
--ld-wind-cm 1.0 

Beginning analysis at Fri Mar 20 20:17:51 2026
Read list of 59381 SNPs from ALL.12.bim
Read list of 300 individuals from ALL.12.fam
Reading genotypes from ALL.12.bed
Estimating LD Score.
Writing LD Scores for 59378 SNPs to 12.l2.ldscore.gz

Summary of LD Scores in 12.l2.ldscore.gz
        MAF       L2
mean 0.2416  22.6544
std  0.1354  17.8488
min  0.0017  -0.2568
25%  0.1267  10.8973
50%  0.2300  17.8148
75%  0.3533  28.6806
max  0.5000 160.6882

MAF/LD Score Correlation Matrix
       MAF     L2
MAF 1.0000 0.2569
L2  0.2569 1.0000
Analysis finished at Fri Mar 20 20:18:09 2026
Total time elapsed: 17.99s
