*********************************************************************
* LD Score Regression (LDSC)
* Version 3.0.1
* (C) 2014-2019 Brendan Bulik-Sullivan and Hilary Finucane
* Broad Institute of MIT and Harvard / MIT Department of Mathematics
* GNU General Public License v3
*********************************************************************
Call: 
./ldsc.py \
--out 13 \
--bfile ALL.13 \
--l2  \
--ld-wind-cm 1.0 

Beginning analysis at Fri Mar 20 20:17:10 2026
Read list of 46074 SNPs from ALL.13.bim
Read list of 300 individuals from ALL.13.fam
Reading genotypes from ALL.13.bed
Estimating LD Score.
Writing LD Scores for 46070 SNPs to 13.l2.ldscore.gz

Summary of LD Scores in 13.l2.ldscore.gz
        MAF       L2
mean 0.2447  20.9707
std  0.1359  14.0107
min  0.0017   0.1572
25%  0.1283  10.9258
50%  0.2350  17.6426
75%  0.3583  27.3896
max  0.5000 113.4186

MAF/LD Score Correlation Matrix
       MAF     L2
MAF 1.0000 0.3477
L2  0.3477 1.0000
Analysis finished at Fri Mar 20 20:17:31 2026
Total time elapsed: 20.22s
