*********************************************************************
* LD Score Regression (LDSC)
* Version 3.0.1
* (C) 2014-2019 Brendan Bulik-Sullivan and Hilary Finucane
* Broad Institute of MIT and Harvard / MIT Department of Mathematics
* GNU General Public License v3
*********************************************************************
Call: 
./ldsc.py \
--out 14 \
--bfile ALL.14 \
--l2  \
--ld-wind-cm 1.0 

Beginning analysis at Fri Mar 20 20:15:56 2026
Read list of 39940 SNPs from ALL.14.bim
Read list of 300 individuals from ALL.14.fam
Reading genotypes from ALL.14.bed
Estimating LD Score.
Writing LD Scores for 39938 SNPs to 14.l2.ldscore.gz

Summary of LD Scores in 14.l2.ldscore.gz
        MAF       L2
mean 0.2478  23.7181
std  0.1355  28.2525
min  0.0017  -0.5966
25%  0.1317  10.7606
50%  0.2400  17.6650
75%  0.3617  28.3329
max  0.5000 310.6259

MAF/LD Score Correlation Matrix
       MAF     L2
MAF 1.0000 0.2523
L2  0.2523 1.0000
Analysis finished at Fri Mar 20 20:16:10 2026
Total time elapsed: 14.36s
