*********************************************************************
* LD Score Regression (LDSC)
* Version 3.0.1
* (C) 2014-2019 Brendan Bulik-Sullivan and Hilary Finucane
* Broad Institute of MIT and Harvard / MIT Department of Mathematics
* GNU General Public License v3
*********************************************************************
Call: 
./ldsc.py \
--out 15 \
--bfile ALL.15 \
--l2  \
--ld-wind-cm 1.0 

Beginning analysis at Fri Mar 20 20:16:31 2026
Read list of 36228 SNPs from ALL.15.bim
Read list of 300 individuals from ALL.15.fam
Reading genotypes from ALL.15.bed
Estimating LD Score.
Writing LD Scores for 36226 SNPs to 15.l2.ldscore.gz

Summary of LD Scores in 15.l2.ldscore.gz
        MAF       L2
mean 0.2549  22.0537
std  0.1349  18.4354
min  0.0017  -0.1073
25%  0.1400  10.0322
50%  0.2483  16.6645
75%  0.3717  27.9420
max  0.5000 162.0791

MAF/LD Score Correlation Matrix
       MAF     L2
MAF 1.0000 0.2757
L2  0.2757 1.0000
Analysis finished at Fri Mar 20 20:16:44 2026
Total time elapsed: 13.37s
