*********************************************************************
* LD Score Regression (LDSC)
* Version 3.0.1
* (C) 2014-2019 Brendan Bulik-Sullivan and Hilary Finucane
* Broad Institute of MIT and Harvard / MIT Department of Mathematics
* GNU General Public License v3
*********************************************************************
Call: 
./ldsc.py \
--out 16 \
--bfile ALL.16 \
--l2  \
--ld-wind-cm 1.0 

Beginning analysis at Fri Mar 20 20:18:31 2026
Read list of 36907 SNPs from ALL.16.bim
Read list of 300 individuals from ALL.16.fam
Reading genotypes from ALL.16.bed
Estimating LD Score.
Writing LD Scores for 36904 SNPs to 16.l2.ldscore.gz

Summary of LD Scores in 16.l2.ldscore.gz
        MAF       L2
mean 0.2513  19.4001
std  0.1357  16.6567
min  0.0017  -1.1414
25%  0.1367   9.3298
50%  0.2417  15.0037
75%  0.3667  24.1796
max  0.5000 167.3847

MAF/LD Score Correlation Matrix
       MAF     L2
MAF 1.0000 0.2045
L2  0.2045 1.0000
Analysis finished at Fri Mar 20 20:18:47 2026
Total time elapsed: 16.67s
