*********************************************************************
* LD Score Regression (LDSC)
* Version 3.0.1
* (C) 2014-2019 Brendan Bulik-Sullivan and Hilary Finucane
* Broad Institute of MIT and Harvard / MIT Department of Mathematics
* GNU General Public License v3
*********************************************************************
Call: 
./ldsc.py \
--out 17 \
--bfile ALL.17 \
--l2  \
--ld-wind-cm 1.0 

Beginning analysis at Fri Mar 20 20:11:46 2026
Read list of 32559 SNPs from ALL.17.bim
Read list of 300 individuals from ALL.17.fam
Reading genotypes from ALL.17.bed
Estimating LD Score.
Writing LD Scores for 32545 SNPs to 17.l2.ldscore.gz

Summary of LD Scores in 17.l2.ldscore.gz
        MAF       L2
mean 0.2552  20.8104
std  0.1368  18.8971
min  0.0017   0.0348
25%  0.1417   8.5654
50%  0.2500  14.7439
75%  0.3717  26.0924
max  0.5000 145.2716

MAF/LD Score Correlation Matrix
       MAF     L2
MAF 1.0000 0.3129
L2  0.3129 1.0000
Analysis finished at Fri Mar 20 20:12:01 2026
Total time elapsed: 15.03s
