*********************************************************************
* LD Score Regression (LDSC)
* Version 3.0.1
* (C) 2014-2019 Brendan Bulik-Sullivan and Hilary Finucane
* Broad Institute of MIT and Harvard / MIT Department of Mathematics
* GNU General Public License v3
*********************************************************************
Call: 
./ldsc.py \
--out 18 \
--bfile ALL.18 \
--l2  \
--ld-wind-cm 1.0 

Beginning analysis at Fri Mar 20 20:17:33 2026
Read list of 35857 SNPs from ALL.18.bim
Read list of 300 individuals from ALL.18.fam
Reading genotypes from ALL.18.bed
Estimating LD Score.
Writing LD Scores for 35856 SNPs to 18.l2.ldscore.gz

Summary of LD Scores in 18.l2.ldscore.gz
        MAF       L2
mean 0.2495  19.6528
std  0.1348  14.1886
min  0.0017   0.5843
25%  0.1333   9.7482
50%  0.2400  16.0913
75%  0.3617  25.4515
max  0.5000 108.2730

MAF/LD Score Correlation Matrix
       MAF     L2
MAF 1.0000 0.2780
L2  0.2780 1.0000
Analysis finished at Fri Mar 20 20:17:49 2026
Total time elapsed: 15.74s
