*********************************************************************
* LD Score Regression (LDSC)
* Version 3.0.1
* (C) 2014-2019 Brendan Bulik-Sullivan and Hilary Finucane
* Broad Institute of MIT and Harvard / MIT Department of Mathematics
* GNU General Public License v3
*********************************************************************
Call: 
./ldsc.py \
--out 19 \
--bfile ALL.19 \
--l2  \
--ld-wind-cm 1.0 

Beginning analysis at Fri Mar 20 20:16:13 2026
Read list of 22791 SNPs from ALL.19.bim
Read list of 300 individuals from ALL.19.fam
Reading genotypes from ALL.19.bed
Estimating LD Score.
Writing LD Scores for 22785 SNPs to 19.l2.ldscore.gz

Summary of LD Scores in 19.l2.ldscore.gz
        MAF      L2
mean 0.2526 16.4854
std  0.1362 12.7668
min  0.0017 -0.3346
25%  0.1383  7.6423
50%  0.2450 12.9187
75%  0.3683 21.4317
max  0.5000 92.9609

MAF/LD Score Correlation Matrix
       MAF     L2
MAF 1.0000 0.2510
L2  0.2510 1.0000
Analysis finished at Fri Mar 20 20:16:28 2026
Total time elapsed: 15.05s
