*********************************************************************
* LD Score Regression (LDSC)
* Version 3.0.1
* (C) 2014-2019 Brendan Bulik-Sullivan and Hilary Finucane
* Broad Institute of MIT and Harvard / MIT Department of Mathematics
* GNU General Public License v3
*********************************************************************
Call: 
./ldsc.py \
--out 2 \
--bfile ALL.2 \
--l2  \
--ld-wind-cm 1.0 

Beginning analysis at Fri Mar 20 20:16:47 2026
Read list of 101005 SNPs from ALL.2.bim
Read list of 300 individuals from ALL.2.fam
Reading genotypes from ALL.2.bed
Estimating LD Score.
Writing LD Scores for 100994 SNPs to 2.l2.ldscore.gz

Summary of LD Scores in 2.l2.ldscore.gz
        MAF       L2
mean 0.2512  25.2061
std  0.1356  17.8446
min  0.0017   0.1195
25%  0.1350  12.6987
50%  0.2433  20.6048
75%  0.3650  32.4818
max  0.5000 151.0375

MAF/LD Score Correlation Matrix
       MAF     L2
MAF 1.0000 0.3184
L2  0.3184 1.0000
Analysis finished at Fri Mar 20 20:17:08 2026
Total time elapsed: 21.05s
