*********************************************************************
* LD Score Regression (LDSC)
* Version 3.0.1
* (C) 2014-2019 Brendan Bulik-Sullivan and Hilary Finucane
* Broad Institute of MIT and Harvard / MIT Department of Mathematics
* GNU General Public License v3
*********************************************************************
Call: 
./ldsc.py \
--out 20 \
--bfile ALL.20 \
--l2  \
--ld-wind-cm 1.0 

Beginning analysis at Fri Mar 20 20:18:12 2026
Read list of 31507 SNPs from ALL.20.bim
Read list of 300 individuals from ALL.20.fam
Reading genotypes from ALL.20.bed
Estimating LD Score.
Writing LD Scores for 31506 SNPs to 20.l2.ldscore.gz

Summary of LD Scores in 20.l2.ldscore.gz
        MAF       L2
mean 0.2484  20.7069
std  0.1362  17.8143
min  0.0017  -0.4558
25%  0.1333   9.6493
50%  0.2383  15.7134
75%  0.3650  25.6362
max  0.5000 176.6991

MAF/LD Score Correlation Matrix
       MAF     L2
MAF 1.0000 0.2947
L2  0.2947 1.0000
Analysis finished at Fri Mar 20 20:18:28 2026
Total time elapsed: 16.37s
