*********************************************************************
* LD Score Regression (LDSC)
* Version 3.0.1
* (C) 2014-2019 Brendan Bulik-Sullivan and Hilary Finucane
* Broad Institute of MIT and Harvard / MIT Department of Mathematics
* GNU General Public License v3
*********************************************************************
Call: 
./ldsc.py \
--out 21 \
--bfile ALL.21 \
--l2  \
--ld-wind-cm 1.0 

Beginning analysis at Fri Mar 20 20:15:07 2026
Read list of 17197 SNPs from ALL.21.bim
Read list of 300 individuals from ALL.21.fam
Reading genotypes from ALL.21.bed
Estimating LD Score.
Writing LD Scores for 17197 SNPs to 21.l2.ldscore.gz

Summary of LD Scores in 21.l2.ldscore.gz
        MAF      L2
mean 0.2529 17.1408
std  0.1336 11.4627
min  0.0017  0.7230
25%  0.1400  9.1146
50%  0.2450 14.4925
75%  0.3650 21.7130
max  0.5000 98.9777

MAF/LD Score Correlation Matrix
       MAF     L2
MAF 1.0000 0.3237
L2  0.3237 1.0000
Analysis finished at Fri Mar 20 20:15:19 2026
Total time elapsed: 12.24s
