*********************************************************************
* LD Score Regression (LDSC)
* Version 3.0.1
* (C) 2014-2019 Brendan Bulik-Sullivan and Hilary Finucane
* Broad Institute of MIT and Harvard / MIT Department of Mathematics
* GNU General Public License v3
*********************************************************************
Call: 
./ldsc.py \
--out 22 \
--bfile ALL.22 \
--l2  \
--ld-wind-cm 1.0 

Beginning analysis at Fri Mar 20 20:15:43 2026
Read list of 17717 SNPs from ALL.22.bim
Read list of 300 individuals from ALL.22.fam
Reading genotypes from ALL.22.bed
Estimating LD Score.
Writing LD Scores for 17717 SNPs to 22.l2.ldscore.gz

Summary of LD Scores in 22.l2.ldscore.gz
        MAF      L2
mean 0.2431 18.9759
std  0.1380 15.0032
min  0.0017  0.1730
25%  0.1250  8.3670
50%  0.2333 14.2488
75%  0.3600 24.8186
max  0.5000 96.2395

MAF/LD Score Correlation Matrix
       MAF     L2
MAF 1.0000 0.2805
L2  0.2805 1.0000
Analysis finished at Fri Mar 20 20:15:53 2026
Total time elapsed: 10.41s
