*********************************************************************
* LD Score Regression (LDSC)
* Version 3.0.1
* (C) 2014-2019 Brendan Bulik-Sullivan and Hilary Finucane
* Broad Institute of MIT and Harvard / MIT Department of Mathematics
* GNU General Public License v3
*********************************************************************
Call: 
./ldsc.py \
--out 3 \
--bfile ALL.3 \
--l2  \
--ld-wind-cm 1.0 

Beginning analysis at Fri Mar 20 20:15:22 2026
Read list of 84273 SNPs from ALL.3.bim
Read list of 300 individuals from ALL.3.fam
Reading genotypes from ALL.3.bed
Estimating LD Score.
Writing LD Scores for 84268 SNPs to 3.l2.ldscore.gz

Summary of LD Scores in 3.l2.ldscore.gz
        MAF       L2
mean 0.2515  25.3019
std  0.1360  20.9392
min  0.0017  -1.6415
25%  0.1350  11.7961
50%  0.2433  19.2815
75%  0.3683  31.6961
max  0.5000 183.5899

MAF/LD Score Correlation Matrix
       MAF     L2
MAF 1.0000 0.2661
L2  0.2661 1.0000
Analysis finished at Fri Mar 20 20:15:40 2026
Total time elapsed: 18.82s
