*********************************************************************
* LD Score Regression (LDSC)
* Version 3.0.1
* (C) 2014-2019 Brendan Bulik-Sullivan and Hilary Finucane
* Broad Institute of MIT and Harvard / MIT Department of Mathematics
* GNU General Public License v3
*********************************************************************
Call: 
./ldsc.py \
--out 5 \
--bfile ALL.5 \
--l2  \
--ld-wind-cm 1.0 

Beginning analysis at Fri Mar 20 20:13:51 2026
Read list of 75887 SNPs from ALL.5.bim
Read list of 300 individuals from ALL.5.fam
Reading genotypes from ALL.5.bed
Estimating LD Score.
Writing LD Scores for 75881 SNPs to 5.l2.ldscore.gz

Summary of LD Scores in 5.l2.ldscore.gz
        MAF       L2
mean 0.2493  23.6278
std  0.1363  17.9709
min  0.0017  -0.3186
25%  0.1333  11.4789
50%  0.2400  18.7428
75%  0.3650  30.2487
max  0.5000 157.6623

MAF/LD Score Correlation Matrix
       MAF     L2
MAF 1.0000 0.3120
L2  0.3120 1.0000
Analysis finished at Fri Mar 20 20:14:08 2026
Total time elapsed: 16.92s
