*********************************************************************
* LD Score Regression (LDSC)
* Version 3.0.1
* (C) 2014-2019 Brendan Bulik-Sullivan and Hilary Finucane
* Broad Institute of MIT and Harvard / MIT Department of Mathematics
* GNU General Public License v3
*********************************************************************
Call: 
./ldsc.py \
--out 6 \
--bfile ALL.6 \
--l2  \
--ld-wind-cm 1.0 

Beginning analysis at Fri Mar 20 20:14:46 2026
Read list of 76418 SNPs from ALL.6.bim
Read list of 300 individuals from ALL.6.fam
Reading genotypes from ALL.6.bed
Estimating LD Score.
Writing LD Scores for 76413 SNPs to 6.l2.ldscore.gz

Summary of LD Scores in 6.l2.ldscore.gz
        MAF       L2
mean 0.2440  24.1283
std  0.1364  17.7942
min  0.0017  -1.0683
25%  0.1267  11.8713
50%  0.2333  19.3892
75%  0.3583  30.9326
max  0.5000 142.4839

MAF/LD Score Correlation Matrix
       MAF     L2
MAF 1.0000 0.3277
L2  0.3277 1.0000
Analysis finished at Fri Mar 20 20:15:04 2026
Total time elapsed: 18.48s
