*********************************************************************
* LD Score Regression (LDSC)
* Version 3.0.1
* (C) 2014-2019 Brendan Bulik-Sullivan and Hilary Finucane
* Broad Institute of MIT and Harvard / MIT Department of Mathematics
* GNU General Public License v3
*********************************************************************
Call: 
./ldsc.py \
--out 7 \
--bfile ALL.7 \
--l2  \
--ld-wind-cm 1.0 

Beginning analysis at Fri Mar 20 20:13:10 2026
Read list of 66782 SNPs from ALL.7.bim
Read list of 300 individuals from ALL.7.fam
Reading genotypes from ALL.7.bed
Estimating LD Score.
Writing LD Scores for 66773 SNPs to 7.l2.ldscore.gz

Summary of LD Scores in 7.l2.ldscore.gz
        MAF       L2
mean 0.2493  22.3301
std  0.1351  16.5339
min  0.0017  -0.0494
25%  0.1333  11.3020
50%  0.2417  18.1285
75%  0.3617  28.3139
max  0.5000 145.9765

MAF/LD Score Correlation Matrix
       MAF     L2
MAF 1.0000 0.2950
L2  0.2950 1.0000
Analysis finished at Fri Mar 20 20:13:26 2026
Total time elapsed: 16.38s
