*********************************************************************
* LD Score Regression (LDSC)
* Version 3.0.1
* (C) 2014-2019 Brendan Bulik-Sullivan and Hilary Finucane
* Broad Institute of MIT and Harvard / MIT Department of Mathematics
* GNU General Public License v3
*********************************************************************
Call: 
./ldsc.py \
--out 8 \
--bfile ALL.8 \
--l2  \
--ld-wind-cm 1.0 

Beginning analysis at Fri Mar 20 20:14:28 2026
Read list of 65633 SNPs from ALL.8.bim
Read list of 300 individuals from ALL.8.fam
Reading genotypes from ALL.8.bed
Estimating LD Score.
Writing LD Scores for 65630 SNPs to 8.l2.ldscore.gz

Summary of LD Scores in 8.l2.ldscore.gz
        MAF       L2
mean 0.2527  26.5011
std  0.1359  25.6041
min  0.0017   0.0237
25%  0.1367  12.0783
50%  0.2467  19.7139
75%  0.3683  31.8461
max  0.5000 276.8137

MAF/LD Score Correlation Matrix
       MAF     L2
MAF 1.0000 0.2522
L2  0.2522 1.0000
Analysis finished at Fri Mar 20 20:14:43 2026
Total time elapsed: 15.54s
