*********************************************************************
* LD Score Regression (LDSC)
* Version 3.0.1
* (C) 2014-2019 Brendan Bulik-Sullivan and Hilary Finucane
* Broad Institute of MIT and Harvard / MIT Department of Mathematics
* GNU General Public License v3
*********************************************************************
Call: 
./ldsc.py \
--out 9 \
--bfile ALL.9 \
--l2  \
--ld-wind-cm 1.0 

Beginning analysis at Fri Mar 20 20:12:49 2026
Read list of 56001 SNPs from ALL.9.bim
Read list of 300 individuals from ALL.9.fam
Reading genotypes from ALL.9.bed
Estimating LD Score.
Writing LD Scores for 55992 SNPs to 9.l2.ldscore.gz

Summary of LD Scores in 9.l2.ldscore.gz
        MAF       L2
mean 0.2482  21.1741
std  0.1353  15.0124
min  0.0017   0.2437
25%  0.1317  10.9982
50%  0.2400  17.5681
75%  0.3633  27.1225
max  0.5000 149.2911

MAF/LD Score Correlation Matrix
       MAF     L2
MAF 1.0000 0.3185
L2  0.3185 1.0000
Analysis finished at Fri Mar 20 20:13:07 2026
Total time elapsed: 18.27s
