*********************************************************************
* LD Score Regression (LDSC)
* Version 3.0.1
* (C) 2014-2019 Brendan Bulik-Sullivan and Hilary Finucane
* Broad Institute of MIT and Harvard / MIT Department of Mathematics
* GNU General Public License v3
*********************************************************************
Call: 
./ldsc.py \
--out 11 \
--bfile EAS.11 \
--l2  \
--ld-wind-cm 1.0 

Beginning analysis at Fri Mar 20 19:40:31 2026
Read list of 61685 SNPs from EAS.11.bim
Read list of 300 individuals from EAS.11.fam
Reading genotypes from EAS.11.bed
Estimating LD Score.
Writing LD Scores for 57941 SNPs to 11.l2.ldscore.gz

Summary of LD Scores in 11.l2.ldscore.gz
        MAF       L2
mean 0.2314  22.9631
std  0.1482  26.1795
min  0.0017  -1.7022
25%  0.1017   9.8091
50%  0.2283  16.4696
75%  0.3583  27.5431
max  0.5000 266.7742

MAF/LD Score Correlation Matrix
       MAF     L2
MAF 1.0000 0.1850
L2  0.1850 1.0000
Analysis finished at Fri Mar 20 19:40:47 2026
Total time elapsed: 15.25s
