*********************************************************************
* LD Score Regression (LDSC)
* Version 3.0.1
* (C) 2014-2019 Brendan Bulik-Sullivan and Hilary Finucane
* Broad Institute of MIT and Harvard / MIT Department of Mathematics
* GNU General Public License v3
*********************************************************************
Call: 
./ldsc.py \
--out 12 \
--bfile EAS.12 \
--l2  \
--ld-wind-cm 1.0 

Beginning analysis at Fri Mar 20 19:43:07 2026
Read list of 59381 SNPs from EAS.12.bim
Read list of 300 individuals from EAS.12.fam
Reading genotypes from EAS.12.bed
Estimating LD Score.
Writing LD Scores for 55339 SNPs to 12.l2.ldscore.gz

Summary of LD Scores in 12.l2.ldscore.gz
        MAF      L2
mean 0.2255 18.9762
std  0.1503 13.8654
min  0.0017 -0.7117
25%  0.0933  8.9572
50%  0.2167 15.0689
75%  0.3533 25.3730
max  0.5000 82.7502

MAF/LD Score Correlation Matrix
       MAF     L2
MAF 1.0000 0.2304
L2  0.2304 1.0000
Analysis finished at Fri Mar 20 19:43:34 2026
Total time elapsed: 26.81s
