*********************************************************************
* LD Score Regression (LDSC)
* Version 3.0.1
* (C) 2014-2019 Brendan Bulik-Sullivan and Hilary Finucane
* Broad Institute of MIT and Harvard / MIT Department of Mathematics
* GNU General Public License v3
*********************************************************************
Call: 
./ldsc.py \
--out 13 \
--bfile EAS.13 \
--l2  \
--ld-wind-cm 1.0 

Beginning analysis at Fri Mar 20 19:45:37 2026
Read list of 46074 SNPs from EAS.13.bim
Read list of 300 individuals from EAS.13.fam
Reading genotypes from EAS.13.bed
Estimating LD Score.
Writing LD Scores for 42901 SNPs to 13.l2.ldscore.gz

Summary of LD Scores in 13.l2.ldscore.gz
        MAF      L2
mean 0.2306 18.2683
std  0.1502 13.0186
min  0.0017 -0.6246
25%  0.1000  8.9522
50%  0.2250 15.0044
75%  0.3617 24.1776
max  0.5000 88.9786

MAF/LD Score Correlation Matrix
       MAF     L2
MAF 1.0000 0.3139
L2  0.3139 1.0000
Analysis finished at Fri Mar 20 19:46:03 2026
Total time elapsed: 25.57s
