*********************************************************************
* LD Score Regression (LDSC)
* Version 3.0.1
* (C) 2014-2019 Brendan Bulik-Sullivan and Hilary Finucane
* Broad Institute of MIT and Harvard / MIT Department of Mathematics
* GNU General Public License v3
*********************************************************************
Call: 
./ldsc.py \
--out 14 \
--bfile EAS.14 \
--l2  \
--ld-wind-cm 1.0 

Beginning analysis at Fri Mar 20 19:45:11 2026
Read list of 39940 SNPs from EAS.14.bim
Read list of 300 individuals from EAS.14.fam
Reading genotypes from EAS.14.bed
Estimating LD Score.
Writing LD Scores for 37297 SNPs to 14.l2.ldscore.gz

Summary of LD Scores in 14.l2.ldscore.gz
        MAF       L2
mean 0.2340  20.3654
std  0.1508  30.0576
min  0.0017  -0.6713
25%  0.1000   8.5518
50%  0.2267  14.2945
75%  0.3667  23.5703
max  0.5000 321.4707

MAF/LD Score Correlation Matrix
       MAF     L2
MAF 1.0000 0.2638
L2  0.2638 1.0000
Analysis finished at Fri Mar 20 19:45:35 2026
Total time elapsed: 24.07s
