*********************************************************************
* LD Score Regression (LDSC)
* Version 3.0.1
* (C) 2014-2019 Brendan Bulik-Sullivan and Hilary Finucane
* Broad Institute of MIT and Harvard / MIT Department of Mathematics
* GNU General Public License v3
*********************************************************************
Call: 
./ldsc.py \
--out 17 \
--bfile EAS.17 \
--l2  \
--ld-wind-cm 1.0 

Beginning analysis at Fri Mar 20 19:46:05 2026
Read list of 32559 SNPs from EAS.17.bim
Read list of 300 individuals from EAS.17.fam
Reading genotypes from EAS.17.bed
Estimating LD Score.
Writing LD Scores for 30202 SNPs to 17.l2.ldscore.gz

Summary of LD Scores in 17.l2.ldscore.gz
        MAF       L2
mean 0.2332  17.5174
std  0.1482  17.2880
min  0.0017  -0.5250
25%  0.1050   6.5020
50%  0.2250  11.9494
75%  0.3567  21.7708
max  0.5000 126.1663

MAF/LD Score Correlation Matrix
       MAF     L2
MAF 1.0000 0.1995
L2  0.1995 1.0000
Analysis finished at Fri Mar 20 19:46:24 2026
Total time elapsed: 18.06s
