*********************************************************************
* LD Score Regression (LDSC)
* Version 3.0.1
* (C) 2014-2019 Brendan Bulik-Sullivan and Hilary Finucane
* Broad Institute of MIT and Harvard / MIT Department of Mathematics
* GNU General Public License v3
*********************************************************************
Call: 
./ldsc.py \
--out 18 \
--bfile EAS.18 \
--l2  \
--ld-wind-cm 1.0 

Beginning analysis at Fri Mar 20 19:48:10 2026
Read list of 35857 SNPs from EAS.18.bim
Read list of 300 individuals from EAS.18.fam
Reading genotypes from EAS.18.bed
Estimating LD Score.
Writing LD Scores for 33759 SNPs to 18.l2.ldscore.gz

Summary of LD Scores in 18.l2.ldscore.gz
        MAF      L2
mean 0.2323 16.3915
std  0.1512 12.2439
min  0.0017 -0.5254
25%  0.0950  7.6488
50%  0.2317 13.2155
75%  0.3617 21.9442
max  0.5000 83.6336

MAF/LD Score Correlation Matrix
       MAF     L2
MAF 1.0000 0.3033
L2  0.3033 1.0000
Analysis finished at Fri Mar 20 19:48:34 2026
Total time elapsed: 24.12s
