*********************************************************************
* LD Score Regression (LDSC)
* Version 3.0.1
* (C) 2014-2019 Brendan Bulik-Sullivan and Hilary Finucane
* Broad Institute of MIT and Harvard / MIT Department of Mathematics
* GNU General Public License v3
*********************************************************************
Call: 
./ldsc.py \
--out 22 \
--bfile EAS.22 \
--l2  \
--ld-wind-cm 1.0 

Beginning analysis at Fri Mar 20 19:43:37 2026
Read list of 17717 SNPs from EAS.22.bim
Read list of 300 individuals from EAS.22.fam
Reading genotypes from EAS.22.bed
Estimating LD Score.
Writing LD Scores for 16519 SNPs to 22.l2.ldscore.gz

Summary of LD Scores in 22.l2.ldscore.gz
        MAF      L2
mean 0.2225 16.1616
std  0.1529 13.8540
min  0.0017 -0.2103
25%  0.0850  6.6133
50%  0.2100 11.6471
75%  0.3567 20.8462
max  0.5000 82.8868

MAF/LD Score Correlation Matrix
       MAF     L2
MAF 1.0000 0.2487
L2  0.2487 1.0000
Analysis finished at Fri Mar 20 19:43:48 2026
Total time elapsed: 11.43s
