*********************************************************************
* LD Score Regression (LDSC)
* Version 3.0.1
* (C) 2014-2019 Brendan Bulik-Sullivan and Hilary Finucane
* Broad Institute of MIT and Harvard / MIT Department of Mathematics
* GNU General Public License v3
*********************************************************************
Call: 
./ldsc.py \
--out 3 \
--bfile EAS.3 \
--l2  \
--ld-wind-cm 1.0 

Beginning analysis at Fri Mar 20 19:44:13 2026
Read list of 84273 SNPs from EAS.3.bim
Read list of 300 individuals from EAS.3.fam
Reading genotypes from EAS.3.bed
Estimating LD Score.
Writing LD Scores for 78884 SNPs to 3.l2.ldscore.gz

Summary of LD Scores in 3.l2.ldscore.gz
        MAF       L2
mean 0.2273  21.1062
std  0.1502  18.8258
min  0.0017  -1.9622
25%  0.0933   9.3359
50%  0.2183  16.0525
75%  0.3583  26.5357
max  0.5000 162.2924

MAF/LD Score Correlation Matrix
       MAF     L2
MAF 1.0000 0.2068
L2  0.2068 1.0000
Analysis finished at Fri Mar 20 19:44:42 2026
Total time elapsed: 29.06s
