*********************************************************************
* LD Score Regression (LDSC)
* Version 3.0.1
* (C) 2014-2019 Brendan Bulik-Sullivan and Hilary Finucane
* Broad Institute of MIT and Harvard / MIT Department of Mathematics
* GNU General Public License v3
*********************************************************************
Call: 
./ldsc.py \
--out 8 \
--bfile EAS.8 \
--l2  \
--ld-wind-cm 1.0 

Beginning analysis at Fri Mar 20 19:42:39 2026
Read list of 65633 SNPs from EAS.8.bim
Read list of 300 individuals from EAS.8.fam
Reading genotypes from EAS.8.bed
Estimating LD Score.
Writing LD Scores for 61394 SNPs to 8.l2.ldscore.gz

Summary of LD Scores in 8.l2.ldscore.gz
        MAF       L2
mean 0.2339  21.2333
std  0.1509  20.0067
min  0.0017  -1.5313
25%  0.1000   9.9202
50%  0.2300  16.5746
75%  0.3650  26.2116
max  0.5000 234.9168

MAF/LD Score Correlation Matrix
       MAF     L2
MAF 1.0000 0.2519
L2  0.2519 1.0000
Analysis finished at Fri Mar 20 19:43:05 2026
Total time elapsed: 25.96s
