*********************************************************************
* LD Score Regression (LDSC)
* Version 3.0.1
* (C) 2014-2019 Brendan Bulik-Sullivan and Hilary Finucane
* Broad Institute of MIT and Harvard / MIT Department of Mathematics
* GNU General Public License v3
*********************************************************************
Call: 
./ldsc.py \
--out 9 \
--bfile EAS.9 \
--l2  \
--ld-wind-cm 1.0 

Beginning analysis at Fri Mar 20 19:42:10 2026
Read list of 56001 SNPs from EAS.9.bim
Read list of 300 individuals from EAS.9.fam
Reading genotypes from EAS.9.bed
Estimating LD Score.
Writing LD Scores for 52628 SNPs to 9.l2.ldscore.gz

Summary of LD Scores in 9.l2.ldscore.gz
        MAF       L2
mean 0.2288  18.1967
std  0.1497  13.8414
min  0.0017  -0.5051
25%  0.0967   8.6852
50%  0.2217  14.4963
75%  0.3583  23.6369
max  0.5000 100.7212

MAF/LD Score Correlation Matrix
       MAF     L2
MAF 1.0000 0.2954
L2  0.2954 1.0000
Analysis finished at Fri Mar 20 19:42:36 2026
Total time elapsed: 25.87s
