*********************************************************************
* LD Score Regression (LDSC)
* Version 3.0.1
* (C) 2014-2019 Brendan Bulik-Sullivan and Hilary Finucane
* Broad Institute of MIT and Harvard / MIT Department of Mathematics
* GNU General Public License v3
*********************************************************************
Call: 
./ldsc.py \
--out 12 \
--bfile SAS.12 \
--l2  \
--ld-wind-cm 1.0 

Beginning analysis at Fri Mar 20 20:02:55 2026
Read list of 59381 SNPs from SAS.12.bim
Read list of 300 individuals from SAS.12.fam
Reading genotypes from SAS.12.bed
Estimating LD Score.
Writing LD Scores for 58686 SNPs to 12.l2.ldscore.gz

Summary of LD Scores in 12.l2.ldscore.gz
        MAF       L2
mean 0.2328  18.4911
std  0.1421  15.3625
min  0.0017  -0.5837
25%  0.1100   8.7463
50%  0.2217  14.6055
75%  0.3533  23.3439
max  0.5000 173.2424

MAF/LD Score Correlation Matrix
       MAF     L2
MAF 1.0000 0.2320
L2  0.2320 1.0000
Analysis finished at Fri Mar 20 20:03:10 2026
Total time elapsed: 15.31s
