*********************************************************************
* LD Score Regression (LDSC)
* Version 3.0.1
* (C) 2014-2019 Brendan Bulik-Sullivan and Hilary Finucane
* Broad Institute of MIT and Harvard / MIT Department of Mathematics
* GNU General Public License v3
*********************************************************************
Call: 
./ldsc.py \
--out 17 \
--bfile SAS.17 \
--l2  \
--ld-wind-cm 1.0 

Beginning analysis at Fri Mar 20 19:57:31 2026
Read list of 32559 SNPs from SAS.17.bim
Read list of 300 individuals from SAS.17.fam
Reading genotypes from SAS.17.bed
Estimating LD Score.
Writing LD Scores for 32245 SNPs to 17.l2.ldscore.gz

Summary of LD Scores in 17.l2.ldscore.gz
        MAF       L2
mean 0.2435  16.8310
std  0.1444  17.1080
min  0.0017  -0.5116
25%  0.1183   6.3985
50%  0.2417  11.4311
75%  0.3683  20.4177
max  0.5000 134.1326

MAF/LD Score Correlation Matrix
       MAF     L2
MAF 1.0000 0.2855
L2  0.2855 1.0000
Analysis finished at Fri Mar 20 19:57:49 2026
Total time elapsed: 17.83s
