*********************************************************************
* LD Score Regression (LDSC)
* Version 3.0.1
* (C) 2014-2019 Brendan Bulik-Sullivan and Hilary Finucane
* Broad Institute of MIT and Harvard / MIT Department of Mathematics
* GNU General Public License v3
*********************************************************************
Call: 
./ldsc.py \
--out 20 \
--bfile SAS.20 \
--l2  \
--ld-wind-cm 1.0 

Beginning analysis at Fri Mar 20 20:03:29 2026
Read list of 31507 SNPs from SAS.20.bim
Read list of 300 individuals from SAS.20.fam
Reading genotypes from SAS.20.bed
Estimating LD Score.
Writing LD Scores for 31151 SNPs to 20.l2.ldscore.gz

Summary of LD Scores in 20.l2.ldscore.gz
        MAF       L2
mean 0.2368  16.4045
std  0.1443  14.6067
min  0.0017  -0.9160
25%  0.1133   7.3452
50%  0.2267  12.4040
75%  0.3600  20.3407
max  0.5000 118.7420

MAF/LD Score Correlation Matrix
       MAF     L2
MAF 1.0000 0.3167
L2  0.3167 1.0000
Analysis finished at Fri Mar 20 20:03:46 2026
Total time elapsed: 16.69s
