*********************************************************************
* LD Score Regression (LDSC)
* Version 3.0.1
* (C) 2014-2019 Brendan Bulik-Sullivan and Hilary Finucane
* Broad Institute of MIT and Harvard / MIT Department of Mathematics
* GNU General Public License v3
*********************************************************************
Call: 
./ldsc.py \
--out 4 \
--bfile SAS.4 \
--l2  \
--ld-wind-cm 1.0 

Beginning analysis at Fri Mar 20 20:00:14 2026
Read list of 75871 SNPs from SAS.4.bim
Read list of 300 individuals from SAS.4.fam
Reading genotypes from SAS.4.bed
Estimating LD Score.
Writing LD Scores for 75060 SNPs to 4.l2.ldscore.gz

Summary of LD Scores in 4.l2.ldscore.gz
        MAF       L2
mean 0.2401  18.6155
std  0.1437  15.4691
min  0.0017  -0.4718
25%  0.1150   8.8722
50%  0.2333  14.9132
75%  0.3617  23.6281
max  0.5000 150.3633

MAF/LD Score Correlation Matrix
       MAF     L2
MAF 1.0000 0.2858
L2  0.2858 1.0000
Analysis finished at Fri Mar 20 20:00:43 2026
Total time elapsed: 29.44s
