*********************************************************************
* LD Score Regression (LDSC)
* Version 3.0.1
* (C) 2014-2019 Brendan Bulik-Sullivan and Hilary Finucane
* Broad Institute of MIT and Harvard / MIT Department of Mathematics
* GNU General Public License v3
*********************************************************************
Call: 
./ldsc.py \
--out 5 \
--bfile SAS.5 \
--l2  \
--ld-wind-cm 1.0 

Beginning analysis at Fri Mar 20 19:58:19 2026
Read list of 75887 SNPs from SAS.5.bim
Read list of 300 individuals from SAS.5.fam
Reading genotypes from SAS.5.bed
Estimating LD Score.
Writing LD Scores for 75277 SNPs to 5.l2.ldscore.gz

Summary of LD Scores in 5.l2.ldscore.gz
        MAF       L2
mean 0.2381  19.3677
std  0.1426  15.6655
min  0.0017  -0.9507
25%  0.1150   9.0446
50%  0.2283  15.3388
75%  0.3600  25.0666
max  0.5000 137.3298

MAF/LD Score Correlation Matrix
       MAF     L2
MAF 1.0000 0.2747
L2  0.2747 1.0000
Analysis finished at Fri Mar 20 19:58:36 2026
Total time elapsed: 16.57s
