*********************************************************************
* LD Score Regression (LDSC)
* Version 3.0.1
* (C) 2014-2019 Brendan Bulik-Sullivan and Hilary Finucane
* Broad Institute of MIT and Harvard / MIT Department of Mathematics
* GNU General Public License v3
*********************************************************************
Call: 
./ldsc.py \
--out 7 \
--bfile SAS.7 \
--l2  \
--ld-wind-cm 1.0 

Beginning analysis at Fri Mar 20 19:57:51 2026
Read list of 66782 SNPs from SAS.7.bim
Read list of 300 individuals from SAS.7.fam
Reading genotypes from SAS.7.bed
Estimating LD Score.
Writing LD Scores for 66266 SNPs to 7.l2.ldscore.gz

Summary of LD Scores in 7.l2.ldscore.gz
        MAF       L2
mean 0.2393  18.5219
std  0.1422  15.0718
min  0.0017  -0.8833
25%  0.1167   8.9484
50%  0.2333  14.7080
75%  0.3600  23.4034
max  0.5000 133.4334

MAF/LD Score Correlation Matrix
       MAF     L2
MAF 1.0000 0.2833
L2  0.2833 1.0000
Analysis finished at Fri Mar 20 19:58:17 2026
Total time elapsed: 25.2s
