*********************************************************************
* LD Score Regression (LDSC)
* Version 3.0.1
* (C) 2014-2019 Brendan Bulik-Sullivan and Hilary Finucane
* Broad Institute of MIT and Harvard / MIT Department of Mathematics
* GNU General Public License v3
*********************************************************************
Call: 
./ldsc.py \
--out 8 \
--bfile SAS.8 \
--l2  \
--ld-wind-cm 1.0 

Beginning analysis at Fri Mar 20 19:59:51 2026
Read list of 65633 SNPs from SAS.8.bim
Read list of 300 individuals from SAS.8.fam
Reading genotypes from SAS.8.bed
Estimating LD Score.
Writing LD Scores for 65161 SNPs to 8.l2.ldscore.gz

Summary of LD Scores in 8.l2.ldscore.gz
        MAF       L2
mean 0.2428  20.2574
std  0.1441  18.0518
min  0.0017  -0.7501
25%  0.1183   9.6375
50%  0.2367  15.9129
75%  0.3683  25.3703
max  0.5000 206.2534

MAF/LD Score Correlation Matrix
       MAF     L2
MAF 1.0000 0.2530
L2  0.2530 1.0000
Analysis finished at Fri Mar 20 20:00:11 2026
Total time elapsed: 19.79s
