*********************************************************************
* LD Score Regression (LDSC)
* Version 3.0.1
* (C) 2014-2019 Brendan Bulik-Sullivan and Hilary Finucane
* Broad Institute of MIT and Harvard / MIT Department of Mathematics
* GNU General Public License v3
*********************************************************************
Call: 
./ldsc.py \
--out 9 \
--bfile SAS.9 \
--l2  \
--ld-wind-cm 1.0 

Beginning analysis at Fri Mar 20 19:58:38 2026
Read list of 56001 SNPs from SAS.9.bim
Read list of 300 individuals from SAS.9.fam
Reading genotypes from SAS.9.bed
Estimating LD Score.
Writing LD Scores for 55585 SNPs to 9.l2.ldscore.gz

Summary of LD Scores in 9.l2.ldscore.gz
        MAF      L2
mean 0.2368 17.3327
std  0.1415 12.5972
min  0.0017 -0.1142
25%  0.1150  8.5493
50%  0.2300 14.2194
75%  0.3550 22.4851
max  0.5000 95.6373

MAF/LD Score Correlation Matrix
       MAF     L2
MAF 1.0000 0.2876
L2  0.2876 1.0000
Analysis finished at Fri Mar 20 19:59:06 2026
Total time elapsed: 28.14s
