*********************************************************************
* LD Score Regression (LDSC)
* Version 3.0.1
* (C) 2014-2019 Brendan Bulik-Sullivan and Hilary Finucane
* Broad Institute of MIT and Harvard / MIT Department of Mathematics
* GNU General Public License v3
*********************************************************************
Call: 
./ldsc.py \
--out 10 \
--bfile EUR.10 \
--l2  \
--ld-wind-cm 1.0 

Beginning analysis at Fri Mar 20 19:52:23 2026
Read list of 64849 SNPs from EUR.10.bim
Read list of 300 individuals from EUR.10.fam
Reading genotypes from EUR.10.bed
Estimating LD Score.
Writing LD Scores for 64745 SNPs to 10.l2.ldscore.gz

Summary of LD Scores in 10.l2.ldscore.gz
        MAF       L2
mean 0.2303  20.6904
std  0.1435  16.3404
min  0.0017  -0.2184
25%  0.1033  10.1770
50%  0.2183  16.3726
75%  0.3517  26.5798
max  0.5000 155.9893

MAF/LD Score Correlation Matrix
       MAF     L2
MAF 1.0000 0.2664
L2  0.2664 1.0000
Analysis finished at Fri Mar 20 19:52:39 2026
Total time elapsed: 15.24s
