*********************************************************************
* LD Score Regression (LDSC)
* Version 3.0.1
* (C) 2014-2019 Brendan Bulik-Sullivan and Hilary Finucane
* Broad Institute of MIT and Harvard / MIT Department of Mathematics
* GNU General Public License v3
*********************************************************************
Call: 
./ldsc.py \
--out 11 \
--bfile EUR.11 \
--l2  \
--ld-wind-cm 1.0 

Beginning analysis at Fri Mar 20 19:49:10 2026
Read list of 61685 SNPs from EUR.11.bim
Read list of 300 individuals from EUR.11.fam
Reading genotypes from EUR.11.bed
Estimating LD Score.
Writing LD Scores for 61535 SNPs to 11.l2.ldscore.gz

Summary of LD Scores in 11.l2.ldscore.gz
        MAF       L2
mean 0.2378  24.2913
std  0.1430  28.2662
min  0.0017  -1.7746
25%  0.1133  10.4332
50%  0.2283  17.5942
75%  0.3600  28.2748
max  0.5000 295.7698

MAF/LD Score Correlation Matrix
       MAF     L2
MAF 1.0000 0.1402
L2  0.1402 1.0000
Analysis finished at Fri Mar 20 19:49:26 2026
Total time elapsed: 15.57s
