*********************************************************************
* LD Score Regression (LDSC)
* Version 3.0.1
* (C) 2014-2019 Brendan Bulik-Sullivan and Hilary Finucane
* Broad Institute of MIT and Harvard / MIT Department of Mathematics
* GNU General Public License v3
*********************************************************************
Call: 
./ldsc.py \
--out 16 \
--bfile EUR.16 \
--l2  \
--ld-wind-cm 1.0 

Beginning analysis at Fri Mar 20 19:56:58 2026
Read list of 36907 SNPs from EUR.16.bim
Read list of 300 individuals from EUR.16.fam
Reading genotypes from EUR.16.bed
Estimating LD Score.
Writing LD Scores for 36819 SNPs to 16.l2.ldscore.gz

Summary of LD Scores in 16.l2.ldscore.gz
        MAF       L2
mean 0.2371  17.3218
std  0.1433  14.2938
min  0.0017  -0.5494
25%  0.1117   7.9909
50%  0.2283  13.3003
75%  0.3583  21.8349
max  0.5000 115.2317

MAF/LD Score Correlation Matrix
       MAF     L2
MAF 1.0000 0.2086
L2  0.2086 1.0000
Analysis finished at Fri Mar 20 19:57:11 2026
Total time elapsed: 13.07s
