*********************************************************************
* LD Score Regression (LDSC)
* Version 3.0.1
* (C) 2014-2019 Brendan Bulik-Sullivan and Hilary Finucane
* Broad Institute of MIT and Harvard / MIT Department of Mathematics
* GNU General Public License v3
*********************************************************************
Call: 
./ldsc.py \
--out 20 \
--bfile EUR.20 \
--l2  \
--ld-wind-cm 1.0 

Beginning analysis at Fri Mar 20 19:53:26 2026
Read list of 31507 SNPs from EUR.20.bim
Read list of 300 individuals from EUR.20.fam
Reading genotypes from EUR.20.bed
Estimating LD Score.
Writing LD Scores for 31438 SNPs to 20.l2.ldscore.gz

Summary of LD Scores in 20.l2.ldscore.gz
        MAF       L2
mean 0.2316  18.1247
std  0.1441  16.3503
min  0.0017  -0.7670
25%  0.1033   8.1887
50%  0.2200  13.8272
75%  0.3550  22.2430
max  0.5000 128.8314

MAF/LD Score Correlation Matrix
       MAF     L2
MAF 1.0000 0.2996
L2  0.2996 1.0000
Analysis finished at Fri Mar 20 19:53:49 2026
Total time elapsed: 22.35s
