*********************************************************************
* LD Score Regression (LDSC)
* Version 3.0.1
* (C) 2014-2019 Brendan Bulik-Sullivan and Hilary Finucane
* Broad Institute of MIT and Harvard / MIT Department of Mathematics
* GNU General Public License v3
*********************************************************************
Call: 
./ldsc.py \
--out 4 \
--bfile EUR.4 \
--l2  \
--ld-wind-cm 1.0 

Beginning analysis at Fri Mar 20 19:50:30 2026
Read list of 75871 SNPs from EUR.4.bim
Read list of 300 individuals from EUR.4.fam
Reading genotypes from EUR.4.bed
Estimating LD Score.
Writing LD Scores for 75625 SNPs to 4.l2.ldscore.gz

Summary of LD Scores in 4.l2.ldscore.gz
        MAF       L2
mean 0.2355  20.5130
std  0.1434  15.4998
min  0.0017  -0.3673
25%  0.1100  10.0530
50%  0.2283  16.7629
75%  0.3567  26.4494
max  0.5000 117.8574

MAF/LD Score Correlation Matrix
       MAF     L2
MAF 1.0000 0.2837
L2  0.2837 1.0000
Analysis finished at Fri Mar 20 19:50:59 2026
Total time elapsed: 28.55s
