*********************************************************************
* LD Score Regression (LDSC)
* Version 3.0.1
* (C) 2014-2019 Brendan Bulik-Sullivan and Hilary Finucane
* Broad Institute of MIT and Harvard / MIT Department of Mathematics
* GNU General Public License v3
*********************************************************************
Call: 
./ldsc.py \
--out 7 \
--bfile EUR.7 \
--l2  \
--ld-wind-cm 1.0 

Beginning analysis at Fri Mar 20 19:51:02 2026
Read list of 66782 SNPs from EUR.7.bim
Read list of 300 individuals from EUR.7.fam
Reading genotypes from EUR.7.bed
Estimating LD Score.
Writing LD Scores for 66669 SNPs to 7.l2.ldscore.gz

Summary of LD Scores in 7.l2.ldscore.gz
        MAF       L2
mean 0.2373  20.3504
std  0.1438  15.5956
min  0.0017  -0.3228
25%  0.1100  10.1572
50%  0.2283  16.5133
75%  0.3600  25.9122
max  0.5000 133.4210

MAF/LD Score Correlation Matrix
       MAF     L2
MAF 1.0000 0.3025
L2  0.3025 1.0000
Analysis finished at Fri Mar 20 19:51:18 2026
Total time elapsed: 15.76s
